<?xml version="1.0" encoding="UTF-8"?>
<!-- Generated by org.testng.reporters.JUnitXMLReporter -->
<testsuite ignored="2" hostname="5CG1417QJY" failures="0" tests="1" name="Surefire test" time="18.755" errors="0" timestamp="2024-01-19T11:36:11 IST">
  <testcase classname="tests.AmazonTest" name="launch" time="1.647"/>
  <testcase classname="utils.TestBase" name="@AfterTest close" time="0.0">
    <ignored/>
  </testcase> <!-- @AfterTest close -->
  <testcase classname="utils.TestBase" name="@BeforeTest setUp" time="0.0">
    <ignored/>
  </testcase> <!-- @BeforeTest setUp -->
</testsuite> <!-- Surefire test -->
