<?xml version="1.0" encoding="UTF-8"?>
<testng-results ignored="2" total="3" passed="1" failed="0" skipped="0">
  <reporter-output>
  </reporter-output>
  <suite started-at="2024-01-19T11:35:52 IST" name="Surefire suite" finished-at="2024-01-19T11:36:11 IST" duration-ms="18755">
    <groups>
    </groups>
    <test started-at="2024-01-19T11:35:52 IST" name="Surefire test" finished-at="2024-01-19T11:36:11 IST" duration-ms="18755">
      <class name="tests.AmazonTest">
        <test-method is-config="true" signature="setUp()[pri:0, instance:tests.AmazonTest@548a24a]" started-at="2024-01-19T11:35:52 IST" name="setUp" finished-at="2024-01-19T11:36:07 IST" duration-ms="14683" status="PASS">
          <reporter-output>
          </reporter-output>
        </test-method> <!-- setUp -->
        <test-method signature="launch()[pri:1, instance:tests.AmazonTest@548a24a]" started-at="2024-01-19T11:36:07 IST" name="launch" finished-at="2024-01-19T11:36:08 IST" duration-ms="1647" status="PASS">
          <reporter-output>
          </reporter-output>
        </test-method> <!-- launch -->
        <test-method is-config="true" signature="close()[pri:0, instance:tests.AmazonTest@548a24a]" started-at="2024-01-19T11:36:08 IST" name="close" finished-at="2024-01-19T11:36:11 IST" duration-ms="2256" status="PASS">
          <reporter-output>
          </reporter-output>
        </test-method> <!-- close -->
      </class> <!-- tests.AmazonTest -->
    </test> <!-- Surefire test -->
  </suite> <!-- Surefire suite -->
</testng-results>
