<?xml version="1.0" encoding="UTF-8"?>
<testng-results ignored="2" total="3" passed="1" failed="0" skipped="0">
  <reporter-output>
  </reporter-output>
  <suite started-at="2024-01-18T11:58:07 IST" name="Surefire suite" finished-at="2024-01-18T11:58:24 IST" duration-ms="16799">
    <groups>
    </groups>
    <test started-at="2024-01-18T11:58:07 IST" name="Surefire test" finished-at="2024-01-18T11:58:24 IST" duration-ms="16799">
      <class name="tests.AmazonTest">
        <test-method is-config="true" signature="setUp()[pri:0, instance:tests.AmazonTest@61c4eee0]" started-at="2024-01-18T11:58:07 IST" name="setUp" finished-at="2024-01-18T11:58:21 IST" duration-ms="14068" status="PASS">
          <reporter-output>
          </reporter-output>
        </test-method> <!-- setUp -->
        <test-method signature="launch()[pri:1, instance:tests.AmazonTest@61c4eee0]" started-at="2024-01-18T11:58:21 IST" name="launch" finished-at="2024-01-18T11:58:22 IST" duration-ms="819" status="PASS">
          <reporter-output>
          </reporter-output>
        </test-method> <!-- launch -->
        <test-method is-config="true" signature="close()[pri:0, instance:tests.AmazonTest@61c4eee0]" started-at="2024-01-18T11:58:22 IST" name="close" finished-at="2024-01-18T11:58:24 IST" duration-ms="1817" status="PASS">
          <reporter-output>
          </reporter-output>
        </test-method> <!-- close -->
      </class> <!-- tests.AmazonTest -->
    </test> <!-- Surefire test -->
  </suite> <!-- Surefire suite -->
</testng-results>
